<?xml version="1.0" encoding="UTF-8"?>
<!-- Generated by org.testng.reporters.JUnitReportReporter -->
<testsuite hostname="MukeshKiwi" name="automationFramework.TestClass" tests="2" failures="0" timestamp="14 Apr 2020 18:10:15 GMT" time="55.545" errors="0">
  <testcase name="twoInput" time="20.635" classname="automationFramework.TestClass"/>
  <testcase name="singleInput" time="34.910" classname="automationFramework.TestClass"/>
</testsuite> <!-- automationFramework.TestClass -->
